2019-05-24 14:09:28,913 ERROR 3384 [-/::1/-/9ms GET /] nodejs.Error: Content placeholder not found in template.
    at parseTemplate (/Users/kchris/Desktop/projects/v-demo/node_modules/vue-server-renderer/build.dev.js:8773:11)
    at new TemplateRenderer (/Users/kchris/Desktop/projects/v-demo/node_modules/vue-server-renderer/build.dev.js:8866:9)
    at createRenderer (/Users/kchris/Desktop/projects/v-demo/node_modules/vue-server-renderer/build.dev.js:9131:26)
    at createRenderer$1 (/Users/kchris/Desktop/projects/v-demo/node_modules/vue-server-renderer/build.dev.js:9589:10)
    at createBundleRenderer (/Users/kchris/Desktop/projects/v-demo/node_modules/vue-server-renderer/build.dev.js:9506:20)
    at HomeController.index (/Users/kchris/Desktop/projects/v-demo/app/controller/home.js:17:22)
    at Object.callFn (/Users/kchris/Desktop/projects/v-demo/node_modules/egg-core/lib/utils/index.js:44:21)
    at Object.classControllerMiddleware (/Users/kchris/Desktop/projects/v-demo/node_modules/egg-core/lib/loader/mixin/controller.js:87:20)
    at Object.callFn (/Users/kchris/Desktop/projects/v-demo/node_modules/@eggjs/router/lib/utils.js:12:21)
    at wrappedController (/Users/kchris/Desktop/projects/v-demo/node_modules/@eggjs/router/lib/egg_router.js:322:18)

pid: 3384
hostname: KChrisdeMacBook-Pro.local

2019-05-24 14:17:12,227 ERROR 3504 [-/::1/-/7ms GET /] nodejs.TypeError: Cannot read property 'stores' of undefined
    at new BaseController (/Users/kchris/Desktop/projects/v-demo/app/controller/base.js:8:37)
    at new HomeController (/Users/kchris/Desktop/projects/v-demo/app/controller/home.js:14:1)
    at Object.classControllerMiddleware (/Users/kchris/Desktop/projects/v-demo/node_modules/egg-core/lib/loader/mixin/controller.js:83:26)
    at Object.callFn (/Users/kchris/Desktop/projects/v-demo/node_modules/@eggjs/router/lib/utils.js:12:21)
    at wrappedController (/Users/kchris/Desktop/projects/v-demo/node_modules/@eggjs/router/lib/egg_router.js:322:18)
    at dispatch (/Users/kchris/Desktop/projects/v-demo/node_modules/koa-compose/index.js:44:32)
    at next (/Users/kchris/Desktop/projects/v-demo/node_modules/koa-compose/index.js:45:18)
    at /Users/kchris/Desktop/projects/v-demo/node_modules/@eggjs/router/lib/router.js:190:18
    at dispatch (/Users/kchris/Desktop/projects/v-demo/node_modules/koa-compose/index.js:44:32)
    at /Users/kchris/Desktop/projects/v-demo/node_modules/koa-compose/index.js:36:12

pid: 3504
hostname: KChrisdeMacBook-Pro.local

2019-05-24 14:24:15,454 ERROR 3611 [-/::1/-/14ms GET /] nodejs.Error: Content placeholder not found in template.
    at parseTemplate (/Users/kchris/Desktop/projects/v-demo/node_modules/vue-server-renderer/build.dev.js:8773:11)
    at new TemplateRenderer (/Users/kchris/Desktop/projects/v-demo/node_modules/vue-server-renderer/build.dev.js:8866:9)
    at createRenderer (/Users/kchris/Desktop/projects/v-demo/node_modules/vue-server-renderer/build.dev.js:9131:26)
    at createRenderer$1 (/Users/kchris/Desktop/projects/v-demo/node_modules/vue-server-renderer/build.dev.js:9589:10)
    at createBundleRenderer (/Users/kchris/Desktop/projects/v-demo/node_modules/vue-server-renderer/build.dev.js:9506:20)
    at HomeController.index (/Users/kchris/Desktop/projects/v-demo/app/controller/home.js:19:22)
    at Object.callFn (/Users/kchris/Desktop/projects/v-demo/node_modules/egg-core/lib/utils/index.js:44:21)
    at Object.classControllerMiddleware (/Users/kchris/Desktop/projects/v-demo/node_modules/egg-core/lib/loader/mixin/controller.js:87:20)
    at Object.callFn (/Users/kchris/Desktop/projects/v-demo/node_modules/@eggjs/router/lib/utils.js:12:21)
    at wrappedController (/Users/kchris/Desktop/projects/v-demo/node_modules/@eggjs/router/lib/egg_router.js:322:18)

pid: 3611
hostname: KChrisdeMacBook-Pro.local

2019-05-24 14:26:56,341 ERROR 3644 [-/::1/-/10ms GET /] nodejs.SyntaxError: Unexpected token =
    at Function (<anonymous>)
    at /Users/kchris/Desktop/projects/v-demo/node_modules/lodash.template/index.js:1089:12
    at apply (/Users/kchris/Desktop/projects/v-demo/node_modules/lodash.template/index.js:74:25)
    at /Users/kchris/Desktop/projects/v-demo/node_modules/lodash.template/index.js:1126:12
    at apply (/Users/kchris/Desktop/projects/v-demo/node_modules/lodash.template/index.js:76:25)
    at /Users/kchris/Desktop/projects/v-demo/node_modules/lodash.template/index.js:317:12
    at template (/Users/kchris/Desktop/projects/v-demo/node_modules/lodash.template/index.js:1088:16)
    at parseTemplate (/Users/kchris/Desktop/projects/v-demo/node_modules/vue-server-renderer/build.dev.js:8784:11)
    at new TemplateRenderer (/Users/kchris/Desktop/projects/v-demo/node_modules/vue-server-renderer/build.dev.js:8866:9)
    at createRenderer (/Users/kchris/Desktop/projects/v-demo/node_modules/vue-server-renderer/build.dev.js:9131:26)
source: "function(obj) {\nobj || (obj = {});\nvar __t, __p = '', __j = Array.prototype.join;\nfunction print() { __p += __j.call(arguments, '') }\nwith (obj) {\n__p += '<!DOCTYPE html>\\n<html lang=\"en\">\\n\\n<head>\\n  <meta charset=\"utf-8\">\\n  <meta http-equiv=\"X-UA-Compatible\" content=\"IE=edge\">\\n  <meta name=\"viewport\" content=\"width=device-width,initial-scale=1.0\">\\n  <link rel=\"icon\" href=\"';\n= BASE_URL ;\n__p += 'favicon.ico\">\\n  <title>v-demo</title>\\n';\n\n}\nreturn __p\n}"
pid: 3644
hostname: KChrisdeMacBook-Pro.local

2019-05-24 14:33:03,908 ERROR 3791 [-/::1/-/10ms GET /] nodejs.SyntaxError: Unexpected token =
    at Function (<anonymous>)
    at /Users/kchris/Desktop/projects/v-demo/node_modules/lodash.template/index.js:1089:12
    at apply (/Users/kchris/Desktop/projects/v-demo/node_modules/lodash.template/index.js:74:25)
    at /Users/kchris/Desktop/projects/v-demo/node_modules/lodash.template/index.js:1126:12
    at apply (/Users/kchris/Desktop/projects/v-demo/node_modules/lodash.template/index.js:76:25)
    at /Users/kchris/Desktop/projects/v-demo/node_modules/lodash.template/index.js:317:12
    at template (/Users/kchris/Desktop/projects/v-demo/node_modules/lodash.template/index.js:1088:16)
    at parseTemplate (/Users/kchris/Desktop/projects/v-demo/node_modules/vue-server-renderer/build.dev.js:8784:11)
    at new TemplateRenderer (/Users/kchris/Desktop/projects/v-demo/node_modules/vue-server-renderer/build.dev.js:8866:9)
    at createRenderer (/Users/kchris/Desktop/projects/v-demo/node_modules/vue-server-renderer/build.dev.js:9131:26)
source: "function(obj) {\nobj || (obj = {});\nvar __t, __p = '', __j = Array.prototype.join;\nfunction print() { __p += __j.call(arguments, '') }\nwith (obj) {\n__p += '<!DOCTYPE html>\\n<html lang=\"en\">\\n\\n<head>\\n  <meta charset=\"utf-8\">\\n  <meta http-equiv=\"X-UA-Compatible\" content=\"IE=edge\">\\n  <meta name=\"viewport\" content=\"width=device-width,initial-scale=1.0\">\\n  <link rel=\"icon\" href=\"';\n= BASE_URL ;\n__p += 'favicon.ico\">\\n  <title>v-demo</title>\\n';\n\n}\nreturn __p\n}"
pid: 3791
hostname: KChrisdeMacBook-Pro.local

2019-05-24 14:38:31,030 ERROR 3929 [-/::1/-/12ms GET /] nodejs.SyntaxError: Unexpected token =
    at Function (<anonymous>)
    at /Users/kchris/Desktop/projects/v-demo/node_modules/lodash.template/index.js:1089:12
    at apply (/Users/kchris/Desktop/projects/v-demo/node_modules/lodash.template/index.js:74:25)
    at /Users/kchris/Desktop/projects/v-demo/node_modules/lodash.template/index.js:1126:12
    at apply (/Users/kchris/Desktop/projects/v-demo/node_modules/lodash.template/index.js:76:25)
    at /Users/kchris/Desktop/projects/v-demo/node_modules/lodash.template/index.js:317:12
    at template (/Users/kchris/Desktop/projects/v-demo/node_modules/lodash.template/index.js:1088:16)
    at parseTemplate (/Users/kchris/Desktop/projects/v-demo/node_modules/vue-server-renderer/build.dev.js:8784:11)
    at new TemplateRenderer (/Users/kchris/Desktop/projects/v-demo/node_modules/vue-server-renderer/build.dev.js:8866:9)
    at createRenderer (/Users/kchris/Desktop/projects/v-demo/node_modules/vue-server-renderer/build.dev.js:9131:26)
source: "function(obj) {\nobj || (obj = {});\nvar __t, __p = '', __j = Array.prototype.join;\nfunction print() { __p += __j.call(arguments, '') }\nwith (obj) {\n__p += '<!DOCTYPE html>\\n<html lang=\"en\">\\n\\n<head>\\n  <meta charset=\"utf-8\">\\n  <meta http-equiv=\"X-UA-Compatible\" content=\"IE=edge\">\\n  <meta name=\"viewport\" content=\"width=device-width,initial-scale=1.0\">\\n  <link rel=\"icon\" href=\"';\n= BASE_URL ;\n__p += 'favicon.ico\">\\n  <title>v-demo</title>\\n';\n\n}\nreturn __p\n}"
pid: 3929
hostname: KChrisdeMacBook-Pro.local

2019-05-24 14:51:47,460 ERROR 4046 [-/::1/-/12ms GET /] nodejs.SyntaxError: Unexpected token =
    at Function (<anonymous>)
    at /Users/kchris/Desktop/projects/v-demo/node_modules/lodash.template/index.js:1089:12
    at apply (/Users/kchris/Desktop/projects/v-demo/node_modules/lodash.template/index.js:74:25)
    at /Users/kchris/Desktop/projects/v-demo/node_modules/lodash.template/index.js:1126:12
    at apply (/Users/kchris/Desktop/projects/v-demo/node_modules/lodash.template/index.js:76:25)
    at /Users/kchris/Desktop/projects/v-demo/node_modules/lodash.template/index.js:317:12
    at template (/Users/kchris/Desktop/projects/v-demo/node_modules/lodash.template/index.js:1088:16)
    at parseTemplate (/Users/kchris/Desktop/projects/v-demo/node_modules/vue-server-renderer/build.dev.js:8784:11)
    at new TemplateRenderer (/Users/kchris/Desktop/projects/v-demo/node_modules/vue-server-renderer/build.dev.js:8866:9)
    at createRenderer (/Users/kchris/Desktop/projects/v-demo/node_modules/vue-server-renderer/build.dev.js:9131:26)
source: "function(obj) {\nobj || (obj = {});\nvar __t, __p = '', __j = Array.prototype.join;\nfunction print() { __p += __j.call(arguments, '') }\nwith (obj) {\n__p += '<!DOCTYPE html>\\n<html lang=\"en\">\\n\\n<head>\\n  <meta charset=\"utf-8\">\\n  <meta http-equiv=\"X-UA-Compatible\" content=\"IE=edge\">\\n  <meta name=\"viewport\" content=\"width=device-width,initial-scale=1.0\">\\n  <link rel=\"icon\" href=\"';\n= BASE_URL ;\n__p += 'favicon.ico\">\\n  <title>v-demo</title>\\n';\n\n}\nreturn __p\n}"
pid: 4046
hostname: KChrisdeMacBook-Pro.local

2019-05-24 15:02:21,354 ERROR 4046 [-/::1/-/3ms GET /] nodejs.SyntaxError: Unexpected token =
    at Function (<anonymous>)
    at /Users/kchris/Desktop/projects/v-demo/node_modules/lodash.template/index.js:1089:12
    at apply (/Users/kchris/Desktop/projects/v-demo/node_modules/lodash.template/index.js:74:25)
    at /Users/kchris/Desktop/projects/v-demo/node_modules/lodash.template/index.js:1126:12
    at apply (/Users/kchris/Desktop/projects/v-demo/node_modules/lodash.template/index.js:76:25)
    at /Users/kchris/Desktop/projects/v-demo/node_modules/lodash.template/index.js:317:12
    at template (/Users/kchris/Desktop/projects/v-demo/node_modules/lodash.template/index.js:1088:16)
    at parseTemplate (/Users/kchris/Desktop/projects/v-demo/node_modules/vue-server-renderer/build.dev.js:8784:11)
    at new TemplateRenderer (/Users/kchris/Desktop/projects/v-demo/node_modules/vue-server-renderer/build.dev.js:8866:9)
    at createRenderer (/Users/kchris/Desktop/projects/v-demo/node_modules/vue-server-renderer/build.dev.js:9131:26)
source: "function(obj) {\nobj || (obj = {});\nvar __t, __p = '', __j = Array.prototype.join;\nfunction print() { __p += __j.call(arguments, '') }\nwith (obj) {\n__p += '<!DOCTYPE html>\\n<html lang=\"en\">\\n\\n<head>\\n  <meta charset=\"utf-8\">\\n  <meta http-equiv=\"X-UA-Compatible\" content=\"IE=edge\">\\n  <meta name=\"viewport\" content=\"width=device-width,initial-scale=1.0\">\\n  <link rel=\"icon\" href=\"';\n= BASE_URL ;\n__p += 'favicon.ico\">\\n  <title>v-demo</title>\\n';\n\n}\nreturn __p\n}"
pid: 4046
hostname: KChrisdeMacBook-Pro.local

2019-05-24 15:47:41,859 ERROR 4744 [-/::1/-/17ms GET /] nodejs.SyntaxError: Unexpected token =
    at Function (<anonymous>)
    at /Users/kchris/Desktop/projects/v-demo/node_modules/lodash.template/index.js:1089:12
    at apply (/Users/kchris/Desktop/projects/v-demo/node_modules/lodash.template/index.js:74:25)
    at /Users/kchris/Desktop/projects/v-demo/node_modules/lodash.template/index.js:1126:12
    at apply (/Users/kchris/Desktop/projects/v-demo/node_modules/lodash.template/index.js:76:25)
    at /Users/kchris/Desktop/projects/v-demo/node_modules/lodash.template/index.js:317:12
    at template (/Users/kchris/Desktop/projects/v-demo/node_modules/lodash.template/index.js:1088:16)
    at parseTemplate (/Users/kchris/Desktop/projects/v-demo/node_modules/vue-server-renderer/build.dev.js:8784:11)
    at new TemplateRenderer (/Users/kchris/Desktop/projects/v-demo/node_modules/vue-server-renderer/build.dev.js:8866:9)
    at createRenderer (/Users/kchris/Desktop/projects/v-demo/node_modules/vue-server-renderer/build.dev.js:9131:26)
source: "function(obj) {\nobj || (obj = {});\nvar __t, __p = '', __j = Array.prototype.join;\nfunction print() { __p += __j.call(arguments, '') }\nwith (obj) {\n__p += '<!DOCTYPE html>\\n<html lang=\"en\">\\n\\n<head>\\n  <meta charset=\"utf-8\">\\n  <meta http-equiv=\"X-UA-Compatible\" content=\"IE=edge\">\\n  <meta name=\"viewport\" content=\"width=device-width,initial-scale=1.0\">\\n  <link rel=\"icon\" href=\"';\n= BASE_URL ;\n__p += 'favicon.ico\">\\n  <title>v-demo</title>\\n';\n\n}\nreturn __p\n}"
pid: 4744
hostname: KChrisdeMacBook-Pro.local

2019-05-24 15:55:05,549 ERROR 4885 [-/::1/-/9ms GET /] nodejs.Error: Content placeholder not found in template.
    at parseTemplate (/Users/kchris/Desktop/projects/v-demo/node_modules/vue-server-renderer/build.dev.js:8773:11)
    at new TemplateRenderer (/Users/kchris/Desktop/projects/v-demo/node_modules/vue-server-renderer/build.dev.js:8866:9)
    at createRenderer (/Users/kchris/Desktop/projects/v-demo/node_modules/vue-server-renderer/build.dev.js:9131:26)
    at createRenderer$1 (/Users/kchris/Desktop/projects/v-demo/node_modules/vue-server-renderer/build.dev.js:9589:10)
    at createBundleRenderer (/Users/kchris/Desktop/projects/v-demo/node_modules/vue-server-renderer/build.dev.js:9506:20)
    at HomeController.index (/Users/kchris/Desktop/projects/v-demo/app/controller/home.js:19:22)
    at Object.callFn (/Users/kchris/Desktop/projects/v-demo/node_modules/egg-core/lib/utils/index.js:44:21)
    at Object.classControllerMiddleware (/Users/kchris/Desktop/projects/v-demo/node_modules/egg-core/lib/loader/mixin/controller.js:87:20)
    at Object.callFn (/Users/kchris/Desktop/projects/v-demo/node_modules/@eggjs/router/lib/utils.js:12:21)
    at wrappedController (/Users/kchris/Desktop/projects/v-demo/node_modules/@eggjs/router/lib/egg_router.js:322:18)

pid: 4885
hostname: KChrisdeMacBook-Pro.local

2019-05-24 16:02:40,927 ERROR 4989 [-/::1/-/14ms GET /] nodejs.SyntaxError: Unexpected token =
    at Function (<anonymous>)
    at /Users/kchris/Desktop/projects/v-demo/node_modules/lodash.template/index.js:1089:12
    at apply (/Users/kchris/Desktop/projects/v-demo/node_modules/lodash.template/index.js:74:25)
    at /Users/kchris/Desktop/projects/v-demo/node_modules/lodash.template/index.js:1126:12
    at apply (/Users/kchris/Desktop/projects/v-demo/node_modules/lodash.template/index.js:76:25)
    at /Users/kchris/Desktop/projects/v-demo/node_modules/lodash.template/index.js:317:12
    at template (/Users/kchris/Desktop/projects/v-demo/node_modules/lodash.template/index.js:1088:16)
    at parseTemplate (/Users/kchris/Desktop/projects/v-demo/node_modules/vue-server-renderer/build.dev.js:8784:11)
    at new TemplateRenderer (/Users/kchris/Desktop/projects/v-demo/node_modules/vue-server-renderer/build.dev.js:8866:9)
    at createRenderer (/Users/kchris/Desktop/projects/v-demo/node_modules/vue-server-renderer/build.dev.js:9131:26)
source: "function(obj) {\nobj || (obj = {});\nvar __t, __p = '', __j = Array.prototype.join;\nfunction print() { __p += __j.call(arguments, '') }\nwith (obj) {\n__p += '<!DOCTYPE html>\\n<html lang=\"en\">\\n\\n<head>\\n  <meta charset=\"utf-8\">\\n  <meta http-equiv=\"X-UA-Compatible\" content=\"IE=edge\">\\n  <meta name=\"viewport\" content=\"width=device-width,initial-scale=1.0\">\\n  <link rel=\"icon\" href=\"';\n= BASE_URL ;\n__p += 'favicon.ico\">\\n  <title>v-demo</title>\\n';\n\n}\nreturn __p\n}"
pid: 4989
hostname: KChrisdeMacBook-Pro.local

2019-05-24 16:13:21,225 ERROR 5159 [-/::1/-/22ms GET /] nodejs.SyntaxError: Unexpected token =
    at Function (<anonymous>)
    at /Users/kchris/Desktop/projects/v-demo/node_modules/lodash.template/index.js:1089:12
    at apply (/Users/kchris/Desktop/projects/v-demo/node_modules/lodash.template/index.js:74:25)
    at /Users/kchris/Desktop/projects/v-demo/node_modules/lodash.template/index.js:1126:12
    at apply (/Users/kchris/Desktop/projects/v-demo/node_modules/lodash.template/index.js:76:25)
    at /Users/kchris/Desktop/projects/v-demo/node_modules/lodash.template/index.js:317:12
    at template (/Users/kchris/Desktop/projects/v-demo/node_modules/lodash.template/index.js:1088:16)
    at parseTemplate (/Users/kchris/Desktop/projects/v-demo/node_modules/vue-server-renderer/build.dev.js:8784:11)
    at new TemplateRenderer (/Users/kchris/Desktop/projects/v-demo/node_modules/vue-server-renderer/build.dev.js:8866:9)
    at createRenderer (/Users/kchris/Desktop/projects/v-demo/node_modules/vue-server-renderer/build.dev.js:9131:26)
source: "function(obj) {\nobj || (obj = {});\nvar __t, __p = '', __j = Array.prototype.join;\nfunction print() { __p += __j.call(arguments, '') }\nwith (obj) {\n__p += '<!DOCTYPE html>\\n<html lang=\"en\">\\n\\n<head>\\n  <meta charset=\"utf-8\">\\n  <meta http-equiv=\"X-UA-Compatible\" content=\"IE=edge\">\\n  <meta name=\"viewport\" content=\"width=device-width,initial-scale=1.0\">\\n  <link rel=\"icon\" href=\"';\n= BASE_URL ;\n__p += 'favicon.ico\">\\n  <title>v-demo</title>\\n';\n\n}\nreturn __p\n}"
pid: 5159
hostname: KChrisdeMacBook-Pro.local

2019-05-24 16:16:03,548 ERROR 5223 [-/::1/-/22ms GET /] nodejs.SyntaxError: Unexpected token =
    at Function (<anonymous>)
    at /Users/kchris/Desktop/projects/v-demo/node_modules/lodash.template/index.js:1089:12
    at apply (/Users/kchris/Desktop/projects/v-demo/node_modules/lodash.template/index.js:74:25)
    at /Users/kchris/Desktop/projects/v-demo/node_modules/lodash.template/index.js:1126:12
    at apply (/Users/kchris/Desktop/projects/v-demo/node_modules/lodash.template/index.js:76:25)
    at /Users/kchris/Desktop/projects/v-demo/node_modules/lodash.template/index.js:317:12
    at template (/Users/kchris/Desktop/projects/v-demo/node_modules/lodash.template/index.js:1088:16)
    at parseTemplate (/Users/kchris/Desktop/projects/v-demo/node_modules/vue-server-renderer/build.dev.js:8784:11)
    at new TemplateRenderer (/Users/kchris/Desktop/projects/v-demo/node_modules/vue-server-renderer/build.dev.js:8866:9)
    at createRenderer (/Users/kchris/Desktop/projects/v-demo/node_modules/vue-server-renderer/build.dev.js:9131:26)
source: "function(obj) {\nobj || (obj = {});\nvar __t, __p = '', __j = Array.prototype.join;\nfunction print() { __p += __j.call(arguments, '') }\nwith (obj) {\n__p += '<!DOCTYPE html>\\n<html lang=\"en\">\\n\\n<head>\\n  <meta charset=\"utf-8\">\\n  <meta http-equiv=\"X-UA-Compatible\" content=\"IE=edge\">\\n  <meta name=\"viewport\" content=\"width=device-width,initial-scale=1.0\">\\n  <link rel=\"icon\" href=\"';\n= BASE_URL ;\n__p += 'favicon.ico\">\\n  <title>v-demo</title>\\n';\n\n}\nreturn __p\n}"
pid: 5223
hostname: KChrisdeMacBook-Pro.local

2019-05-24 16:18:28,660 ERROR 5282 [-/::1/-/17ms GET /] nodejs.SyntaxError: Unexpected token =
    at Function (<anonymous>)
    at /Users/kchris/Desktop/projects/v-demo/node_modules/lodash.template/index.js:1089:12
    at apply (/Users/kchris/Desktop/projects/v-demo/node_modules/lodash.template/index.js:74:25)
    at /Users/kchris/Desktop/projects/v-demo/node_modules/lodash.template/index.js:1126:12
    at apply (/Users/kchris/Desktop/projects/v-demo/node_modules/lodash.template/index.js:76:25)
    at /Users/kchris/Desktop/projects/v-demo/node_modules/lodash.template/index.js:317:12
    at template (/Users/kchris/Desktop/projects/v-demo/node_modules/lodash.template/index.js:1088:16)
    at parseTemplate (/Users/kchris/Desktop/projects/v-demo/node_modules/vue-server-renderer/build.dev.js:8784:11)
    at new TemplateRenderer (/Users/kchris/Desktop/projects/v-demo/node_modules/vue-server-renderer/build.dev.js:8866:9)
    at createRenderer (/Users/kchris/Desktop/projects/v-demo/node_modules/vue-server-renderer/build.dev.js:9131:26)
source: "function(obj) {\nobj || (obj = {});\nvar __t, __p = '', __j = Array.prototype.join;\nfunction print() { __p += __j.call(arguments, '') }\nwith (obj) {\n__p += '<!DOCTYPE html>\\n<html lang=\"en\">\\n\\n<head>\\n  <meta charset=\"utf-8\">\\n  <meta http-equiv=\"X-UA-Compatible\" content=\"IE=edge\">\\n  <meta name=\"viewport\" content=\"width=device-width,initial-scale=1.0\">\\n  <link rel=\"icon\" href=\"';\n= BASE_URL ;\n__p += 'favicon.ico\">\\n  <title>v-demo</title>\\n';\n\n}\nreturn __p\n}"
pid: 5282
hostname: KChrisdeMacBook-Pro.local

2019-05-24 16:43:32,112 ERROR 5775 [-/::1/-/24ms GET /] nodejs.ReferenceError: ctx is not defined
    at renderer.renderToString (/Users/kchris/Desktop/projects/v-demo/app/controller/test.js:16:9)
    at Object.renderToString (/Users/kchris/Desktop/projects/v-demo/node_modules/vue-server-renderer/build.dev.js:9194:9)
    at TestController.index (/Users/kchris/Desktop/projects/v-demo/app/controller/test.js:14:14)
    at Object.callFn (/Users/kchris/Desktop/projects/v-demo/node_modules/egg-core/lib/utils/index.js:44:21)
    at Object.classControllerMiddleware (/Users/kchris/Desktop/projects/v-demo/node_modules/egg-core/lib/loader/mixin/controller.js:87:20)
    at Object.callFn (/Users/kchris/Desktop/projects/v-demo/node_modules/@eggjs/router/lib/utils.js:12:21)
    at wrappedController (/Users/kchris/Desktop/projects/v-demo/node_modules/@eggjs/router/lib/egg_router.js:322:18)
    at dispatch (/Users/kchris/Desktop/projects/v-demo/node_modules/koa-compose/index.js:44:32)
    at next (/Users/kchris/Desktop/projects/v-demo/node_modules/koa-compose/index.js:45:18)
    at /Users/kchris/Desktop/projects/v-demo/node_modules/@eggjs/router/lib/router.js:190:18

pid: 5775
hostname: KChrisdeMacBook-Pro.local

2019-05-24 18:53:41,443 ERROR 6437 [-/::1/-/16ms GET /] nodejs.SyntaxError: Unexpected token =
    at Function (<anonymous>)
    at /Users/kchris/Desktop/projects/v-demo/node_modules/lodash.template/index.js:1089:12
    at apply (/Users/kchris/Desktop/projects/v-demo/node_modules/lodash.template/index.js:74:25)
    at /Users/kchris/Desktop/projects/v-demo/node_modules/lodash.template/index.js:1126:12
    at apply (/Users/kchris/Desktop/projects/v-demo/node_modules/lodash.template/index.js:76:25)
    at /Users/kchris/Desktop/projects/v-demo/node_modules/lodash.template/index.js:317:12
    at template (/Users/kchris/Desktop/projects/v-demo/node_modules/lodash.template/index.js:1088:16)
    at parseTemplate (/Users/kchris/Desktop/projects/v-demo/node_modules/vue-server-renderer/build.dev.js:8784:11)
    at new TemplateRenderer (/Users/kchris/Desktop/projects/v-demo/node_modules/vue-server-renderer/build.dev.js:8866:9)
    at createRenderer (/Users/kchris/Desktop/projects/v-demo/node_modules/vue-server-renderer/build.dev.js:9131:26)
source: "function(obj) {\nobj || (obj = {});\nvar __t, __p = '', __j = Array.prototype.join;\nfunction print() { __p += __j.call(arguments, '') }\nwith (obj) {\n__p += '<!DOCTYPE html>\\n<html lang=\"en\">\\n\\n<head>\\n  <meta charset=\"utf-8\">\\n  <meta http-equiv=\"X-UA-Compatible\" content=\"IE=edge\">\\n  <meta name=\"viewport\" content=\"width=device-width,initial-scale=1.0\">\\n  <!-- <link rel=\"icon\" href=\"';\n= BASE_URL ;\n__p += 'favicon.ico\"> -->\\n  <title>v-demo</title>\\n';\n\n}\nreturn __p\n}"
pid: 6437
hostname: KChrisdeMacBook-Pro.local

